The system is: Windows - 10.0.19042 - AMD64
Compiling the C compiler identification source file "CMakeCCompilerId.c" succeeded.
Compiler: C:/Program Files (x86)/Microsoft Visual Studio/2017/BuildTools/VC/Tools/MSVC/14.16.27023/bin/Hostx86/x86/cl.exe 
Build flags: 
Id flags:  

The output was:
0
Compilador de optimización de C/C++ de Microsoft (R) versión 19.16.27039 para x86
(C) Microsoft Corporation. Todos los derechos reservados.

CMakeCCompilerId.c
Microsoft (R) Incremental Linker Version 14.16.27039.0
Copyright (C) Microsoft Corporation.  All rights reserved.

/out:CMakeCCompilerId.exe 
CMakeCCompilerId.obj 


Compilation of the C compiler identification source "CMakeCCompilerId.c" produced "CMakeCCompilerId.exe"

Compilation of the C compiler identification source "CMakeCCompilerId.c" produced "CMakeCCompilerId.obj"

The C compiler identification is MSVC, found in "C:/Users/Sebastian/CLionProjects/Hello_C/cmake-build-debug/CMakeFiles/3.20.2/CompilerIdC/CMakeCCompilerId.exe"

Detecting C compiler ABI info compiled with the following output:
Change Dir: C:/Users/Sebastian/CLionProjects/Hello_C/cmake-build-debug/CMakeFiles/CMakeTmp

Run Build Command(s):nmake -f Makefile /nologo cmTC_2e7f7\fast && 	"C:\Program Files (x86)\Microsoft Visual Studio\2017\BuildTools\VC\Tools\MSVC\14.16.27023\bin\HostX86\x86\nmake.exe"  -f CMakeFiles\cmTC_2e7f7.dir\build.make /nologo -L                  CMakeFiles\cmTC_2e7f7.dir\build
Building C object CMakeFiles/cmTC_2e7f7.dir/CMakeCCompilerABI.c.obj
	"C:\Program Files\JetBrains\CLion 2021.2.3\bin\cmake\win\bin\cmake.exe" -E cmake_cl_compile_depends --dep-file=CMakeFiles\cmTC_2e7f7.dir\CMakeCCompilerABI.c.obj.d --working-dir=C:\Users\Sebastian\CLionProjects\Hello_C\cmake-build-debug\CMakeFiles\CMakeTmp --filter-prefix="" -- C:\PROGRA~2\MICROS~4\2017\BUILDT~1\VC\Tools\MSVC\1416~1.270\bin\Hostx86\x86\cl.exe @C:\Users\Sebastian\AppData\Local\Temp\nmB5F6.tmp
Linking C executable cmTC_2e7f7.exe
	"C:\Program Files\JetBrains\CLion 2021.2.3\bin\cmake\win\bin\cmake.exe" -E vs_link_exe --intdir=CMakeFiles\cmTC_2e7f7.dir --rc=C:\PROGRA~2\WI3CF2~1\10\bin\100177~1.0\x86\rc.exe --mt=C:\PROGRA~2\WI3CF2~1\10\bin\100177~1.0\x86\mt.exe --manifests -- C:\PROGRA~2\MICROS~4\2017\BUILDT~1\VC\Tools\MSVC\1416~1.270\bin\Hostx86\x86\link.exe /nologo @CMakeFiles\cmTC_2e7f7.dir\objects1.rsp @C:\Users\Sebastian\AppData\Local\Temp\nmBA5C.tmp



